0 info it worked if it ends with ok
1 verbose cli [ '/usr/bin/nodejs', '/usr/bin/npm', 'install' ]
2 info using npm@1.3.10
3 info using node@v0.10.25
4 verbose readDependencies using package.json deps
5 verbose install where, deps [ '/home/ding/Documents/POOIHM/database2/poo-ihm-2015-database',
5 verbose install   [ 'express', 'http', 'pg', 'sequelize', 'sequelize-restful' ] ]
6 info preinstall pooihm2015@0.0.1
7 verbose readDependencies using package.json deps
8 verbose cache add [ 'express@^4.8.3', null ]
9 verbose cache add name=undefined spec="express@^4.8.3" args=["express@^4.8.3",null]
10 verbose parsed url { protocol: null,
10 verbose parsed url   slashes: null,
10 verbose parsed url   auth: null,
10 verbose parsed url   host: null,
10 verbose parsed url   port: null,
10 verbose parsed url   hostname: null,
10 verbose parsed url   hash: null,
10 verbose parsed url   search: null,
10 verbose parsed url   query: null,
10 verbose parsed url   pathname: 'express@^4.8.3',
10 verbose parsed url   path: 'express@^4.8.3',
10 verbose parsed url   href: 'express@^4.8.3' }
11 verbose cache add name="express" spec="^4.8.3" args=["express","^4.8.3"]
12 verbose parsed url { protocol: null,
12 verbose parsed url   slashes: null,
12 verbose parsed url   auth: null,
12 verbose parsed url   host: null,
12 verbose parsed url   port: null,
12 verbose parsed url   hostname: null,
12 verbose parsed url   hash: null,
12 verbose parsed url   search: null,
12 verbose parsed url   query: null,
12 verbose parsed url   pathname: '^4.8.3',
12 verbose parsed url   path: '^4.8.3',
12 verbose parsed url   href: '^4.8.3' }
13 verbose addNamed [ 'express', '^4.8.3' ]
14 verbose addNamed [ null, '>=4.8.3-0 <5.0.0-0' ]
15 verbose cache add [ 'http@0.0.0', null ]
16 verbose cache add name=undefined spec="http@0.0.0" args=["http@0.0.0",null]
17 verbose parsed url { protocol: null,
17 verbose parsed url   slashes: null,
17 verbose parsed url   auth: null,
17 verbose parsed url   host: null,
17 verbose parsed url   port: null,
17 verbose parsed url   hostname: null,
17 verbose parsed url   hash: null,
17 verbose parsed url   search: null,
17 verbose parsed url   query: null,
17 verbose parsed url   pathname: 'http@0.0.0',
17 verbose parsed url   path: 'http@0.0.0',
17 verbose parsed url   href: 'http@0.0.0' }
18 verbose cache add name="http" spec="0.0.0" args=["http","0.0.0"]
19 verbose parsed url { protocol: null,
19 verbose parsed url   slashes: null,
19 verbose parsed url   auth: null,
19 verbose parsed url   host: null,
19 verbose parsed url   port: null,
19 verbose parsed url   hostname: null,
19 verbose parsed url   hash: null,
19 verbose parsed url   search: null,
19 verbose parsed url   query: null,
19 verbose parsed url   pathname: '0.0.0',
19 verbose parsed url   path: '0.0.0',
19 verbose parsed url   href: '0.0.0' }
20 verbose addNamed [ 'http', '0.0.0' ]
21 verbose addNamed [ '0.0.0', '0.0.0' ]
22 silly lockFile 12ef111c-express-4-8-3 express@^4.8.3
23 verbose lock express@^4.8.3 /home/ding/.npm/12ef111c-express-4-8-3.lock
24 silly lockFile 5c64bf45-http-0-0-0 http@0.0.0
25 verbose lock http@0.0.0 /home/ding/.npm/5c64bf45-http-0-0-0.lock
26 verbose cache add [ 'sequelize-restful@https://github.com/surli/sequelize-restful',
26 verbose cache add   null ]
27 verbose cache add name=undefined spec="sequelize-restful@https://github.com/surli/sequelize-restful" args=["sequelize-restful@https://github.com/surli/sequelize-restful",null]
28 verbose parsed url { protocol: null,
28 verbose parsed url   slashes: null,
28 verbose parsed url   auth: null,
28 verbose parsed url   host: null,
28 verbose parsed url   port: null,
28 verbose parsed url   hostname: null,
28 verbose parsed url   hash: null,
28 verbose parsed url   search: null,
28 verbose parsed url   query: null,
28 verbose parsed url   pathname: 'sequelize-restful@https://github.com/surli/sequelize-restful',
28 verbose parsed url   path: 'sequelize-restful@https://github.com/surli/sequelize-restful',
28 verbose parsed url   href: 'sequelize-restful@https://github.com/surli/sequelize-restful' }
29 verbose cache add name="sequelize-restful" spec="https://github.com/surli/sequelize-restful" args=["sequelize-restful","https://github.com/surli/sequelize-restful"]
30 verbose parsed url { protocol: 'https:',
30 verbose parsed url   slashes: true,
30 verbose parsed url   auth: null,
30 verbose parsed url   host: 'github.com',
30 verbose parsed url   port: null,
30 verbose parsed url   hostname: 'github.com',
30 verbose parsed url   hash: null,
30 verbose parsed url   search: null,
30 verbose parsed url   query: null,
30 verbose parsed url   pathname: '/surli/sequelize-restful',
30 verbose parsed url   path: '/surli/sequelize-restful',
30 verbose parsed url   href: 'https://github.com/surli/sequelize-restful' }
31 silly lockFile 1ca755e5-thub-com-surli-sequelize-restful https://github.com/surli/sequelize-restful
32 verbose lock https://github.com/surli/sequelize-restful /home/ding/.npm/1ca755e5-thub-com-surli-sequelize-restful.lock
33 verbose cache add [ 'pg@^3.4.1', null ]
34 verbose cache add name=undefined spec="pg@^3.4.1" args=["pg@^3.4.1",null]
35 verbose parsed url { protocol: null,
35 verbose parsed url   slashes: null,
35 verbose parsed url   auth: null,
35 verbose parsed url   host: null,
35 verbose parsed url   port: null,
35 verbose parsed url   hostname: null,
35 verbose parsed url   hash: null,
35 verbose parsed url   search: null,
35 verbose parsed url   query: null,
35 verbose parsed url   pathname: 'pg@^3.4.1',
35 verbose parsed url   path: 'pg@^3.4.1',
35 verbose parsed url   href: 'pg@^3.4.1' }
36 verbose cache add name="pg" spec="^3.4.1" args=["pg","^3.4.1"]
37 verbose parsed url { protocol: null,
37 verbose parsed url   slashes: null,
37 verbose parsed url   auth: null,
37 verbose parsed url   host: null,
37 verbose parsed url   port: null,
37 verbose parsed url   hostname: null,
37 verbose parsed url   hash: null,
37 verbose parsed url   search: null,
37 verbose parsed url   query: null,
37 verbose parsed url   pathname: '^3.4.1',
37 verbose parsed url   path: '^3.4.1',
37 verbose parsed url   href: '^3.4.1' }
38 verbose addNamed [ 'pg', '^3.4.1' ]
39 verbose addNamed [ null, '>=3.4.1-0 <4.0.0-0' ]
40 silly lockFile b5cc6abf-pg-3-4-1 pg@^3.4.1
41 verbose lock pg@^3.4.1 /home/ding/.npm/b5cc6abf-pg-3-4-1.lock
42 verbose cache add [ 'sequelize@^1.7.9', null ]
43 verbose cache add name=undefined spec="sequelize@^1.7.9" args=["sequelize@^1.7.9",null]
44 verbose parsed url { protocol: null,
44 verbose parsed url   slashes: null,
44 verbose parsed url   auth: null,
44 verbose parsed url   host: null,
44 verbose parsed url   port: null,
44 verbose parsed url   hostname: null,
44 verbose parsed url   hash: null,
44 verbose parsed url   search: null,
44 verbose parsed url   query: null,
44 verbose parsed url   pathname: 'sequelize@^1.7.9',
44 verbose parsed url   path: 'sequelize@^1.7.9',
44 verbose parsed url   href: 'sequelize@^1.7.9' }
45 verbose cache add name="sequelize" spec="^1.7.9" args=["sequelize","^1.7.9"]
46 verbose parsed url { protocol: null,
46 verbose parsed url   slashes: null,
46 verbose parsed url   auth: null,
46 verbose parsed url   host: null,
46 verbose parsed url   port: null,
46 verbose parsed url   hostname: null,
46 verbose parsed url   hash: null,
46 verbose parsed url   search: null,
46 verbose parsed url   query: null,
46 verbose parsed url   pathname: '^1.7.9',
46 verbose parsed url   path: '^1.7.9',
46 verbose parsed url   href: '^1.7.9' }
47 verbose addNamed [ 'sequelize', '^1.7.9' ]
48 verbose addNamed [ null, '>=1.7.9-0 <2.0.0-0' ]
49 silly lockFile be388cdd-sequelize-1-7-9 sequelize@^1.7.9
50 verbose lock sequelize@^1.7.9 /home/ding/.npm/be388cdd-sequelize-1-7-9.lock
51 silly addNameRange { name: 'express', range: '>=4.8.3-0 <5.0.0-0', hasData: false }
52 verbose addRemoteTarball [ 'https://github.com/surli/sequelize-restful', null ]
53 silly addNameRange { name: 'pg', range: '>=3.4.1-0 <4.0.0-0', hasData: false }
54 silly addNameRange { name: 'sequelize',
54 silly addNameRange   range: '>=1.7.9-0 <2.0.0-0',
54 silly addNameRange   hasData: false }
55 verbose url raw express
56 verbose url resolving [ 'https://registry.npmjs.org/', './express' ]
57 verbose url resolved https://registry.npmjs.org/express
58 info trying registry request attempt 1 at 23:05:21
59 http GET https://registry.npmjs.org/express
60 verbose url raw http/0.0.0
61 verbose url resolving [ 'https://registry.npmjs.org/', './http/0.0.0' ]
62 verbose url resolved https://registry.npmjs.org/http/0.0.0
63 info trying registry request attempt 1 at 23:05:21
64 http GET https://registry.npmjs.org/http/0.0.0
65 verbose url raw pg
66 verbose url resolving [ 'https://registry.npmjs.org/', './pg' ]
67 verbose url resolved https://registry.npmjs.org/pg
68 info trying registry request attempt 1 at 23:05:21
69 http GET https://registry.npmjs.org/pg
70 verbose url raw sequelize
71 verbose url resolving [ 'https://registry.npmjs.org/', './sequelize' ]
72 verbose url resolved https://registry.npmjs.org/sequelize
73 info trying registry request attempt 1 at 23:05:21
74 http GET https://registry.npmjs.org/sequelize
75 info retry fetch attempt 1 at 23:05:21
76 verbose fetch to= /home/ding/tmp/npm-14957-MyXOMVJa/1430773521700-0.5415815201122314/tmp.tgz
77 http GET https://github.com/surli/sequelize-restful
78 http 200 https://registry.npmjs.org/http/0.0.0
79 silly registry.get cb [ 200,
79 silly registry.get   { server: 'CouchDB/1.5.0 (Erlang OTP/R16B03)',
79 silly registry.get     etag: '"9ARRJ1G4SWEZRN9FK6352ZEYA"',
79 silly registry.get     'content-type': 'application/json',
79 silly registry.get     'cache-control': 'max-age=60',
79 silly registry.get     'content-length': '491',
79 silly registry.get     'accept-ranges': 'bytes',
79 silly registry.get     date: 'Mon, 04 May 2015 21:05:22 GMT',
79 silly registry.get     via: '1.1 varnish',
79 silly registry.get     age: '33',
79 silly registry.get     connection: 'keep-alive',
79 silly registry.get     'x-served-by': 'cache-fra1244-FRA',
79 silly registry.get     'x-cache': 'HIT',
79 silly registry.get     'x-cache-hits': '1',
79 silly registry.get     'x-timer': 'S1430773522.572298,VS0,VE0',
79 silly registry.get     vary: 'Accept' } ]
80 silly lockFile a092f7e2-ry-npmjs-org-http-http-0-0-0-tgz https://registry.npmjs.org/http/-/http-0.0.0.tgz
81 verbose lock https://registry.npmjs.org/http/-/http-0.0.0.tgz /home/ding/.npm/a092f7e2-ry-npmjs-org-http-http-0-0-0-tgz.lock
82 verbose addRemoteTarball [ 'https://registry.npmjs.org/http/-/http-0.0.0.tgz',
82 verbose addRemoteTarball   '86e6326d29c5d039de9fac584a45689f929f4f72' ]
83 info retry fetch attempt 1 at 23:05:22
84 verbose fetch to= /home/ding/tmp/npm-14957-MyXOMVJa/1430773522100-0.7874672804027796/tmp.tgz
85 http GET https://registry.npmjs.org/http/-/http-0.0.0.tgz
86 http 200 https://registry.npmjs.org/http/-/http-0.0.0.tgz
87 verbose tar unpack /home/ding/tmp/npm-14957-MyXOMVJa/1430773522100-0.7874672804027796/tmp.tgz
88 silly lockFile 767b8d00-22100-0-7874672804027796-package tar:///home/ding/tmp/npm-14957-MyXOMVJa/1430773522100-0.7874672804027796/package
89 verbose lock tar:///home/ding/tmp/npm-14957-MyXOMVJa/1430773522100-0.7874672804027796/package /home/ding/.npm/767b8d00-22100-0-7874672804027796-package.lock
90 silly lockFile 7c4722cc-22100-0-7874672804027796-tmp-tgz tar:///home/ding/tmp/npm-14957-MyXOMVJa/1430773522100-0.7874672804027796/tmp.tgz
91 verbose lock tar:///home/ding/tmp/npm-14957-MyXOMVJa/1430773522100-0.7874672804027796/tmp.tgz /home/ding/.npm/7c4722cc-22100-0-7874672804027796-tmp-tgz.lock
92 silly gunzTarPerm modes [ '755', '644' ]
93 silly gunzTarPerm extractEntry package.json
94 silly lockFile 767b8d00-22100-0-7874672804027796-package tar:///home/ding/tmp/npm-14957-MyXOMVJa/1430773522100-0.7874672804027796/package
95 silly lockFile 767b8d00-22100-0-7874672804027796-package tar:///home/ding/tmp/npm-14957-MyXOMVJa/1430773522100-0.7874672804027796/package
96 silly lockFile 7c4722cc-22100-0-7874672804027796-tmp-tgz tar:///home/ding/tmp/npm-14957-MyXOMVJa/1430773522100-0.7874672804027796/tmp.tgz
97 silly lockFile 7c4722cc-22100-0-7874672804027796-tmp-tgz tar:///home/ding/tmp/npm-14957-MyXOMVJa/1430773522100-0.7874672804027796/tmp.tgz
98 verbose tar pack [ '/home/ding/.npm/http/0.0.0/package.tgz',
98 verbose tar pack   '/home/ding/tmp/npm-14957-MyXOMVJa/1430773522100-0.7874672804027796/package' ]
99 verbose tarball /home/ding/.npm/http/0.0.0/package.tgz
100 verbose folder /home/ding/tmp/npm-14957-MyXOMVJa/1430773522100-0.7874672804027796/package
101 silly lockFile 767b8d00-22100-0-7874672804027796-package tar:///home/ding/tmp/npm-14957-MyXOMVJa/1430773522100-0.7874672804027796/package
102 verbose lock tar:///home/ding/tmp/npm-14957-MyXOMVJa/1430773522100-0.7874672804027796/package /home/ding/.npm/767b8d00-22100-0-7874672804027796-package.lock
103 silly lockFile 470f85ef--ding-npm-http-0-0-0-package-tgz tar:///home/ding/.npm/http/0.0.0/package.tgz
104 verbose lock tar:///home/ding/.npm/http/0.0.0/package.tgz /home/ding/.npm/470f85ef--ding-npm-http-0-0-0-package-tgz.lock
105 silly lockFile 767b8d00-22100-0-7874672804027796-package tar:///home/ding/tmp/npm-14957-MyXOMVJa/1430773522100-0.7874672804027796/package
106 silly lockFile 767b8d00-22100-0-7874672804027796-package tar:///home/ding/tmp/npm-14957-MyXOMVJa/1430773522100-0.7874672804027796/package
107 silly lockFile 470f85ef--ding-npm-http-0-0-0-package-tgz tar:///home/ding/.npm/http/0.0.0/package.tgz
108 silly lockFile 470f85ef--ding-npm-http-0-0-0-package-tgz tar:///home/ding/.npm/http/0.0.0/package.tgz
109 silly lockFile a0cacdd1-home-ding-npm-http-0-0-0-package /home/ding/.npm/http/0.0.0/package
110 verbose lock /home/ding/.npm/http/0.0.0/package /home/ding/.npm/a0cacdd1-home-ding-npm-http-0-0-0-package.lock
111 silly lockFile a0cacdd1-home-ding-npm-http-0-0-0-package /home/ding/.npm/http/0.0.0/package
112 silly lockFile a0cacdd1-home-ding-npm-http-0-0-0-package /home/ding/.npm/http/0.0.0/package
113 verbose tar unpack /home/ding/.npm/http/0.0.0/package.tgz
114 silly lockFile 2ca36125-home-ding-npm-http-0-0-0-package tar:///home/ding/.npm/http/0.0.0/package
115 verbose lock tar:///home/ding/.npm/http/0.0.0/package /home/ding/.npm/2ca36125-home-ding-npm-http-0-0-0-package.lock
116 silly lockFile 470f85ef--ding-npm-http-0-0-0-package-tgz tar:///home/ding/.npm/http/0.0.0/package.tgz
117 verbose lock tar:///home/ding/.npm/http/0.0.0/package.tgz /home/ding/.npm/470f85ef--ding-npm-http-0-0-0-package-tgz.lock
118 silly gunzTarPerm modes [ '755', '644' ]
119 silly gunzTarPerm extractEntry package.json
120 http 200 https://registry.npmjs.org/sequelize
121 silly registry.get cb [ 200,
121 silly registry.get   { server: 'CouchDB/1.5.0 (Erlang OTP/R16B03)',
121 silly registry.get     etag: '"CH1J6TNKK1S5CF37JO8HN68M4"',
121 silly registry.get     'content-type': 'application/json',
121 silly registry.get     'cache-control': 'max-age=60',
121 silly registry.get     'content-length': '202014',
121 silly registry.get     'accept-ranges': 'bytes',
121 silly registry.get     date: 'Mon, 04 May 2015 21:05:22 GMT',
121 silly registry.get     via: '1.1 varnish',
121 silly registry.get     age: '58',
121 silly registry.get     connection: 'keep-alive',
121 silly registry.get     'x-served-by': 'cache-fra1241-FRA',
121 silly registry.get     'x-cache': 'HIT',
121 silly registry.get     'x-cache-hits': '1',
121 silly registry.get     'x-timer': 'S1430773522.575692,VS0,VE0',
121 silly registry.get     vary: 'Accept' } ]
122 silly addNameRange number 2 { name: 'sequelize', range: '>=1.7.9-0 <2.0.0-0', hasData: true }
123 silly addNameRange versions [ 'sequelize',
123 silly addNameRange   [ '0.2.2',
123 silly addNameRange     '0.2.3',
123 silly addNameRange     '0.2.4',
123 silly addNameRange     '0.2.5',
123 silly addNameRange     '0.2.6',
123 silly addNameRange     '0.3.0',
123 silly addNameRange     '0.4.0',
123 silly addNameRange     '0.4.1',
123 silly addNameRange     '0.4.2',
123 silly addNameRange     '0.4.3',
123 silly addNameRange     '1.0.0',
123 silly addNameRange     '1.0.1',
123 silly addNameRange     '1.0.2',
123 silly addNameRange     '1.1.0',
123 silly addNameRange     '1.1.1',
123 silly addNameRange     '1.1.2',
123 silly addNameRange     '1.1.3',
123 silly addNameRange     '1.1.4',
123 silly addNameRange     '1.2.0',
123 silly addNameRange     '1.2.1',
123 silly addNameRange     '1.3.0',
123 silly addNameRange     '1.3.1',
123 silly addNameRange     '1.3.2',
123 silly addNameRange     '1.3.3',
123 silly addNameRange     '1.3.4',
123 silly addNameRange     '1.3.5',
123 silly addNameRange     '1.3.6',
123 silly addNameRange     '1.3.7',
123 silly addNameRange     '1.4.0',
123 silly addNameRange     '1.4.1',
123 silly addNameRange     '1.5.0-alpha',
123 silly addNameRange     '1.5.0-beta',
123 silly addNameRange     '1.5.0-beta-2',
123 silly addNameRange     '1.5.0',
123 silly addNameRange     '1.6.0-alpha-1',
123 silly addNameRange     '1.6.0-alpha-2',
123 silly addNameRange     '1.6.0-alpha-3',
123 silly addNameRange     '1.6.0-beta-1',
123 silly addNameRange     '1.6.0-beta-2',
123 silly addNameRange     '1.6.0-beta-3',
123 silly addNameRange     '1.6.0-beta4',
123 silly addNameRange     '1.6.0',
123 silly addNameRange     '1.7.0-alpha1',
123 silly addNameRange     '1.7.0-alpha2',
123 silly addNameRange     '2.0.0-alpha1',
123 silly addNameRange     '2.0.0-alpha2',
123 silly addNameRange     '1.7.0-alpha3',
123 silly addNameRange     '2.0.0-alpha3',
123 silly addNameRange     '1.7.0-beta.0',
123 silly addNameRange     '2.0.0-beta.0',
123 silly addNameRange     '1.7.0-beta.1',
123 silly addNameRange     '2.0.0-beta.1',
123 silly addNameRange     '1.7.0-beta.2',
123 silly addNameRange     '2.0.0-beta.2',
123 silly addNameRange     '1.7.0-beta.3b',
123 silly addNameRange     '2.0.0-beta.3',
123 silly addNameRange     '1.7.0-beta.4a',
123 silly addNameRange     '2.0.0-beta.4',
123 silly addNameRange     '1.7.0-beta.5',
123 silly addNameRange     '2.0.0-beta.5',
123 silly addNameRange     '1.7.0-beta6',
123 silly addNameRange     '2.0.0-beta.6',
123 silly addNameRange     '1.7.0-beta7',
123 silly addNameRange     '2.0.0-beta.7',
123 silly addNameRange     '2.0.0-beta.8',
123 silly addNameRange     '1.7.0-beta8',
123 silly addNameRange     '1.7.0-rc1',
123 silly addNameRange     '2.0.0-dev1',
123 silly addNameRange     '1.7.0-rc2',
123 silly addNameRange     '2.0.0-dev2',
123 silly addNameRange     '1.7.0-rc3',
123 silly addNameRange     '2.0.0-dev3',
123 silly addNameRange     '1.7.0-rc4',
123 silly addNameRange     '2.0.0-dev4',
123 silly addNameRange     '2.0.0-dev5',
123 silly addNameRange     '1.7.0-rc5',
123 silly addNameRange     '1.7.0-rc6',
123 silly addNameRange     '2.0.0-dev6',
123 silly addNameRange     '2.0.0-dev7',
123 silly addNameRange     '1.7.0-rc7',
123 silly addNameRange     '2.0.0-dev8',
123 silly addNameRange     '1.7.0-rc8',
123 silly addNameRange     '1.7.0-rc9',
123 silly addNameRange     '2.0.0-dev9',
123 silly addNameRange     '2.0.0-dev10',
123 silly addNameRange     '1.7.0',
123 silly addNameRange     '1.7.1',
123 silly addNameRange     '1.7.2',
123 silly addNameRange     '1.7.3',
123 silly addNameRange     '2.0.0-dev11',
123 silly addNameRange     '1.7.4',
123 silly addNameRange     '1.7.5',
123 silly addNameRange     '1.7.7',
123 silly addNameRange     '1.7.8',
123 silly addNameRange     '1.7.9',
123 silly addNameRange     '2.0.0-dev12',
123 silly addNameRange     '1.7.10',
123 silly addNameRange     '2.0.0-dev13',
123 silly addNameRange     '2.0.0-rc1',
123 silly addNameRange     '2.0.0-rc2',
123 silly addNameRange     '2.0.0-rc3',
123 silly addNameRange     '2.0.0-rc4',
123 silly addNameRange     '2.0.0-rc5',
123 silly addNameRange     '2.0.0-rc6',
123 silly addNameRange     '2.0.0-rc7',
123 silly addNameRange     '2.0.0-rc8',
123 silly addNameRange     '2.0.0',
123 silly addNameRange     '2.0.1',
123 silly addNameRange     '2.0.2',
123 silly addNameRange     '2.0.3',
123 silly addNameRange     '2.0.4',
123 silly addNameRange     '2.0.5',
123 silly addNameRange     '2.0.6',
123 silly addNameRange     '2.1.0' ] ]
124 verbose addNamed [ 'sequelize', '1.7.10' ]
125 verbose addNamed [ '1.7.10', '1.7.10' ]
126 silly lockFile 03f70826-sequelize-1-7-10 sequelize@1.7.10
127 verbose lock sequelize@1.7.10 /home/ding/.npm/03f70826-sequelize-1-7-10.lock
128 silly lockFile 013609a6-g-sequelize-sequelize-1-7-10-tgz https://registry.npmjs.org/sequelize/-/sequelize-1.7.10.tgz
129 verbose lock https://registry.npmjs.org/sequelize/-/sequelize-1.7.10.tgz /home/ding/.npm/013609a6-g-sequelize-sequelize-1-7-10-tgz.lock
130 verbose addRemoteTarball [ 'https://registry.npmjs.org/sequelize/-/sequelize-1.7.10.tgz',
130 verbose addRemoteTarball   '9699eb3caf3f67d85eb224a2cfa2f94300908d71' ]
131 silly lockFile 2ca36125-home-ding-npm-http-0-0-0-package tar:///home/ding/.npm/http/0.0.0/package
132 silly lockFile 2ca36125-home-ding-npm-http-0-0-0-package tar:///home/ding/.npm/http/0.0.0/package
133 info retry fetch attempt 1 at 23:05:22
134 verbose fetch to= /home/ding/tmp/npm-14957-MyXOMVJa/1430773522531-0.5530190907884389/tmp.tgz
135 silly lockFile 470f85ef--ding-npm-http-0-0-0-package-tgz tar:///home/ding/.npm/http/0.0.0/package.tgz
136 silly lockFile 470f85ef--ding-npm-http-0-0-0-package-tgz tar:///home/ding/.npm/http/0.0.0/package.tgz
137 http GET https://registry.npmjs.org/sequelize/-/sequelize-1.7.10.tgz
138 verbose chmod /home/ding/.npm/http/0.0.0/package.tgz 644
139 verbose chown /home/ding/.npm/http/0.0.0/package.tgz [ 1000, 1000 ]
140 silly lockFile a092f7e2-ry-npmjs-org-http-http-0-0-0-tgz https://registry.npmjs.org/http/-/http-0.0.0.tgz
141 silly lockFile a092f7e2-ry-npmjs-org-http-http-0-0-0-tgz https://registry.npmjs.org/http/-/http-0.0.0.tgz
142 silly lockFile 5c64bf45-http-0-0-0 http@0.0.0
143 silly lockFile 5c64bf45-http-0-0-0 http@0.0.0
144 http 200 https://github.com/surli/sequelize-restful
145 http 200 https://registry.npmjs.org/express
146 silly registry.get cb [ 200,
146 silly registry.get   { server: 'CouchDB/1.5.0 (Erlang OTP/R16B03)',
146 silly registry.get     etag: '"6GYWMZL5ISAB931JKDDDSB098"',
146 silly registry.get     'content-type': 'application/json',
146 silly registry.get     'cache-control': 'max-age=60',
146 silly registry.get     'content-length': '492742',
146 silly registry.get     'accept-ranges': 'bytes',
146 silly registry.get     date: 'Mon, 04 May 2015 21:05:22 GMT',
146 silly registry.get     via: '1.1 varnish',
146 silly registry.get     age: '21',
146 silly registry.get     connection: 'keep-alive',
146 silly registry.get     'x-served-by': 'cache-fra1230-FRA',
146 silly registry.get     'x-cache': 'HIT',
146 silly registry.get     'x-cache-hits': '1',
146 silly registry.get     'x-timer': 'S1430773522.561900,VS0,VE2',
146 silly registry.get     vary: 'Accept' } ]
147 http 200 https://registry.npmjs.org/pg
148 silly registry.get cb [ 200,
148 silly registry.get   { server: 'CouchDB/1.5.0 (Erlang OTP/R16B03)',
148 silly registry.get     etag: '"1TCS8DGUNRSTGS01HTOJVW4NW"',
148 silly registry.get     'content-type': 'application/json',
148 silly registry.get     'cache-control': 'max-age=60',
148 silly registry.get     'content-length': '132356',
148 silly registry.get     'accept-ranges': 'bytes',
148 silly registry.get     date: 'Mon, 04 May 2015 21:05:22 GMT',
148 silly registry.get     via: '1.1 varnish',
148 silly registry.get     age: '0',
148 silly registry.get     connection: 'keep-alive',
148 silly registry.get     'x-served-by': 'cache-fra1220-FRA',
148 silly registry.get     'x-cache': 'HIT',
148 silly registry.get     'x-cache-hits': '1',
148 silly registry.get     'x-timer': 'S1430773522.564399,VS0,VE419',
148 silly registry.get     vary: 'Accept' } ]
149 silly addNameRange number 2 { name: 'express', range: '>=4.8.3-0 <5.0.0-0', hasData: true }
150 silly addNameRange versions [ 'express',
150 silly addNameRange   [ '0.14.0',
150 silly addNameRange     '0.14.1',
150 silly addNameRange     '1.0.0',
150 silly addNameRange     '1.0.1',
150 silly addNameRange     '1.0.2',
150 silly addNameRange     '1.0.3',
150 silly addNameRange     '1.0.4',
150 silly addNameRange     '1.0.5',
150 silly addNameRange     '1.0.6',
150 silly addNameRange     '1.0.7',
150 silly addNameRange     '1.0.8',
150 silly addNameRange     '2.0.0',
150 silly addNameRange     '2.1.0',
150 silly addNameRange     '2.1.1',
150 silly addNameRange     '2.2.0',
150 silly addNameRange     '2.2.1',
150 silly addNameRange     '2.2.2',
150 silly addNameRange     '2.3.0',
150 silly addNameRange     '2.3.1',
150 silly addNameRange     '2.3.2',
150 silly addNameRange     '2.3.3',
150 silly addNameRange     '2.3.4',
150 silly addNameRange     '2.3.5',
150 silly addNameRange     '2.3.6',
150 silly addNameRange     '2.3.7',
150 silly addNameRange     '2.3.8',
150 silly addNameRange     '2.3.9',
150 silly addNameRange     '2.3.10',
150 silly addNameRange     '2.3.11',
150 silly addNameRange     '2.3.12',
150 silly addNameRange     '2.4.0',
150 silly addNameRange     '2.4.1',
150 silly addNameRange     '2.4.2',
150 silly addNameRange     '2.4.3',
150 silly addNameRange     '2.4.4',
150 silly addNameRange     '2.4.5',
150 silly addNameRange     '2.4.6',
150 silly addNameRange     '2.4.7',
150 silly addNameRange     '2.5.0',
150 silly addNameRange     '2.5.1',
150 silly addNameRange     '2.5.2',
150 silly addNameRange     '2.5.3',
150 silly addNameRange     '2.5.4',
150 silly addNameRange     '2.5.5',
150 silly addNameRange     '2.5.6',
150 silly addNameRange     '2.5.7',
150 silly addNameRange     '2.5.8',
150 silly addNameRange     '2.5.9',
150 silly addNameRange     '2.5.10',
150 silly addNameRange     '2.5.11',
150 silly addNameRange     '3.0.0',
150 silly addNameRange     '3.0.1',
150 silly addNameRange     '3.0.2',
150 silly addNameRange     '3.0.3',
150 silly addNameRange     '3.0.4',
150 silly addNameRange     '3.0.5',
150 silly addNameRange     '3.0.6',
150 silly addNameRange     '3.1.0',
150 silly addNameRange     '3.1.1',
150 silly addNameRange     '3.1.2',
150 silly addNameRange     '3.2.0',
150 silly addNameRange     '3.2.1',
150 silly addNameRange     '3.2.2',
150 silly addNameRange     '3.2.3',
150 silly addNameRange     '3.2.4',
150 silly addNameRange     '3.2.5',
150 silly addNameRange     '3.2.6',
150 silly addNameRange     '3.3.0',
150 silly addNameRange     '3.3.1',
150 silly addNameRange     '3.3.2',
150 silly addNameRange     '3.3.3',
150 silly addNameRange     '3.3.4',
150 silly addNameRange     '3.3.5',
150 silly addNameRange     '3.3.6',
150 silly addNameRange     '1.0.0-beta',
150 silly addNameRange     '1.0.0-beta2',
150 silly addNameRange     '1.0.0-rc',
150 silly addNameRange     '1.0.0-rc2',
150 silly addNameRange     '1.0.0-rc3',
150 silly addNameRange     '1.0.0-rc4',
150 silly addNameRange     '2.0.0-beta',
150 silly addNameRange     '2.0.0-beta2',
150 silly addNameRange     '2.0.0-beta3',
150 silly addNameRange     '2.0.0-rc',
150 silly addNameRange     '2.0.0-rc2',
150 silly addNameRange     '2.0.0-rc3',
150 silly addNameRange     '3.0.0-alpha1',
150 silly addNameRange     '3.0.0-alpha2',
150 silly addNameRange     '3.0.0-alpha3',
150 silly addNameRange     '3.0.0-alpha4',
150 silly addNameRange     '3.0.0-alpha5',
150 silly addNameRange     '3.0.0-beta1',
150 silly addNameRange     '3.0.0-beta2',
150 silly addNameRange     '3.0.0-beta3',
150 silly addNameRange     '3.0.0-beta4',
150 silly addNameRange     '3.0.0-beta6',
150 silly addNameRange     '3.0.0-beta7',
150 silly addNameRange     '3.0.0-rc1',
150 silly addNameRange     '3.0.0-rc2',
150 silly addNameRange     '3.0.0-rc3',
150 silly addNameRange     '3.0.0-rc4',
150 silly addNameRange     '3.0.0-rc5',
150 silly addNameRange     '3.3.7',
150 silly addNameRange     '3.3.8',
150 silly addNameRange     '3.4.0',
150 silly addNameRange     '3.4.1',
150 silly addNameRange     '3.4.2',
150 silly addNameRange     '3.4.3',
150 silly addNameRange     '3.4.4',
150 silly addNameRange     '3.4.5',
150 silly addNameRange     '3.4.6',
150 silly addNameRange     '3.4.7',
150 silly addNameRange     '3.4.8',
150 silly addNameRange     '4.0.0-rc1',
150 silly addNameRange     '4.0.0-rc2',
150 silly addNameRange     '3.5.0',
150 silly addNameRange     '4.0.0-rc3',
150 silly addNameRange     '4.0.0-rc4',
150 silly addNameRange     '3.5.1',
150 silly addNameRange     '4.0.0',
150 silly addNameRange     '3.5.2',
150 silly addNameRange     '4.1.0',
150 silly addNameRange     '4.1.1',
150 silly addNameRange     '3.5.3',
150 silly addNameRange     '4.1.2',
150 silly addNameRange     '3.6.0',
150 silly addNameRange     '4.2.0',
150 silly addNameRange     '3.7.0',
150 silly addNameRange     '3.8.0',
150 silly addNameRange     '4.3.0',
150 silly addNameRange     '4.3.1',
150 silly addNameRange     '3.8.1',
150 silly addNameRange     '4.3.2',
150 silly addNameRange     '3.9.0',
150 silly addNameRange     '4.4.0',
150 silly addNameRange     '4.4.1',
150 silly addNameRange     '3.10.0',
150 silly addNameRange     '3.10.1',
150 silly addNameRange     '3.10.2',
150 silly addNameRange     '3.10.3',
150 silly addNameRange     '3.10.4',
150 silly addNameRange     '4.4.2',
150 silly addNameRange     '3.10.5',
150 silly addNameRange     '4.4.3',
150 silly addNameRange     '3.11.0',
150 silly addNameRange     '4.4.4',
150 silly addNameRange     '3.12.0',
150 silly addNameRange     '3.12.1',
150 silly addNameRange     '4.4.5',
150 silly addNameRange     '3.13.0',
150 silly addNameRange     '4.5.0',
150 silly addNameRange     '4.5.1',
150 silly addNameRange     '3.14.0',
150 silly addNameRange     '4.6.0',
150 silly addNameRange     '4.6.1',
150 silly addNameRange     '3.15.0',
150 silly addNameRange     '4.7.0',
150 silly addNameRange     '3.15.1',
150 silly addNameRange     '4.7.1',
150 silly addNameRange     '3.15.2',
150 silly addNameRange     '4.7.2',
150 silly addNameRange     '4.7.3',
150 silly addNameRange     '3.15.3',
150 silly addNameRange     '4.7.4',
150 silly addNameRange     '3.16.0',
150 silly addNameRange     '4.8.0',
150 silly addNameRange     '3.16.1',
150 silly addNameRange     '4.8.1',
150 silly addNameRange     '3.16.2',
150 silly addNameRange     '4.8.2',
150 silly addNameRange     '3.16.3',
150 silly addNameRange     '3.16.4',
150 silly addNameRange     '4.8.3',
150 silly addNameRange     '3.16.5',
150 silly addNameRange     '3.16.6',
150 silly addNameRange     '4.8.4',
150 silly addNameRange     '3.16.7',
150 silly addNameRange     '4.8.5',
150 silly addNameRange     '3.16.8',
150 silly addNameRange     '4.8.6',
150 silly addNameRange     '3.16.9',
150 silly addNameRange     '4.8.7',
150 silly addNameRange     '3.16.10',
150 silly addNameRange     '4.8.8',
150 silly addNameRange     '3.17.0',
150 silly addNameRange     '3.17.1',
150 silly addNameRange     '4.9.0',
150 silly addNameRange     '3.17.2',
150 silly addNameRange     '4.9.1',
150 silly addNameRange     '4.9.2',
150 silly addNameRange     '3.17.3',
150 silly addNameRange     '4.9.3',
150 silly addNameRange     '3.17.4',
150 silly addNameRange     '4.9.4',
150 silly addNameRange     '3.17.5',
150 silly addNameRange     '4.9.5',
150 silly addNameRange     '3.17.6',
150 silly addNameRange     '3.17.7',
150 silly addNameRange     '4.9.6',
150 silly addNameRange     '4.9.7',
150 silly addNameRange     '3.17.8',
150 silly addNameRange     '4.9.8',
150 silly addNameRange     '3.18.0',
150 silly addNameRange     '3.18.1',
150 silly addNameRange     '4.10.0',
150 silly addNameRange     '3.18.2',
150 silly addNameRange     '4.10.1',
150 silly addNameRange     '5.0.0-alpha.1',
150 silly addNameRange     '3.18.3',
150 silly addNameRange     '4.10.2',
150 silly addNameRange     '3.18.4',
150 silly addNameRange     '4.10.3',
150 silly addNameRange     '4.10.4',
150 silly addNameRange     '4.10.5',
150 silly addNameRange     '3.18.5',
150 silly addNameRange     '3.18.6',
150 silly addNameRange     '4.10.6',
150 silly addNameRange     '4.10.7',
150 silly addNameRange     '3.19.0',
150 silly addNameRange     '4.10.8',
150 silly addNameRange     '4.11.0',
150 silly addNameRange     '3.19.1',
150 silly addNameRange     '4.11.1',
150 silly addNameRange     '3.19.2',
150 silly addNameRange     '4.11.2',
150 silly addNameRange     '3.20.0',
150 silly addNameRange     '4.12.0',
150 silly addNameRange     '3.20.1',
150 silly addNameRange     '4.12.1',
150 silly addNameRange     '4.12.2',
150 silly addNameRange     '3.20.2',
150 silly addNameRange     '4.12.3' ] ]
151 verbose addNamed [ 'express', '4.12.3' ]
152 verbose addNamed [ '4.12.3', '4.12.3' ]
153 silly lockFile 0b3fc563-express-4-12-3 express@4.12.3
154 verbose lock express@4.12.3 /home/ding/.npm/0b3fc563-express-4-12-3.lock
155 silly lockFile c3db49de-s-org-express-express-4-12-3-tgz https://registry.npmjs.org/express/-/express-4.12.3.tgz
156 verbose lock https://registry.npmjs.org/express/-/express-4.12.3.tgz /home/ding/.npm/c3db49de-s-org-express-express-4-12-3-tgz.lock
157 silly addNameRange number 2 { name: 'pg', range: '>=3.4.1-0 <4.0.0-0', hasData: true }
158 silly addNameRange versions [ 'pg',
158 silly addNameRange   [ '0.4.1',
158 silly addNameRange     '0.5.0',
158 silly addNameRange     '0.5.1',
158 silly addNameRange     '0.5.2',
158 silly addNameRange     '0.5.3',
158 silly addNameRange     '0.5.4',
158 silly addNameRange     '0.5.5',
158 silly addNameRange     '0.5.6',
158 silly addNameRange     '0.5.7',
158 silly addNameRange     '0.5.8',
158 silly addNameRange     '0.6.0',
158 silly addNameRange     '0.6.1',
158 silly addNameRange     '0.6.2',
158 silly addNameRange     '0.6.3',
158 silly addNameRange     '0.6.4',
158 silly addNameRange     '0.6.5',
158 silly addNameRange     '0.6.6',
158 silly addNameRange     '0.6.7',
158 silly addNameRange     '0.6.8',
158 silly addNameRange     '0.6.9',
158 silly addNameRange     '0.6.10',
158 silly addNameRange     '0.6.11',
158 silly addNameRange     '0.6.12',
158 silly addNameRange     '0.6.13',
158 silly addNameRange     '0.6.14',
158 silly addNameRange     '0.6.15',
158 silly addNameRange     '0.6.16',
158 silly addNameRange     '0.6.17',
158 silly addNameRange     '0.6.18',
158 silly addNameRange     '0.7.0',
158 silly addNameRange     '0.7.1',
158 silly addNameRange     '0.7.2',
158 silly addNameRange     '0.8.0',
158 silly addNameRange     '0.8.1',
158 silly addNameRange     '0.8.2',
158 silly addNameRange     '0.8.3',
158 silly addNameRange     '0.8.4',
158 silly addNameRange     '0.8.6',
158 silly addNameRange     '0.8.7',
158 silly addNameRange     '0.8.8',
158 silly addNameRange     '0.9.0',
158 silly addNameRange     '0.10.0',
158 silly addNameRange     '0.10.2',
158 silly addNameRange     '0.11.1',
158 silly addNameRange     '0.11.2',
158 silly addNameRange     '0.11.3',
158 silly addNameRange     '0.12.0',
158 silly addNameRange     '0.12.1',
158 silly addNameRange     '0.12.3',
158 silly addNameRange     '0.13.0',
158 silly addNameRange     '0.13.1',
158 silly addNameRange     '0.13.3',
158 silly addNameRange     '0.14.0',
158 silly addNameRange     '0.14.1',
158 silly addNameRange     '0.15.0',
158 silly addNameRange     '0.15.1',
158 silly addNameRange     '1.0.0',
158 silly addNameRange     '1.0.1',
158 silly addNameRange     '1.0.2',
158 silly addNameRange     '1.0.3',
158 silly addNameRange     '1.0.4',
158 silly addNameRange     '1.1.0',
158 silly addNameRange     '1.1.1',
158 silly addNameRange     '1.1.2',
158 silly addNameRange     '1.1.3',
158 silly addNameRange     '1.2.0',
158 silly addNameRange     '1.3.0',
158 silly addNameRange     '2.0.0',
158 silly addNameRange     '2.1.0',
158 silly addNameRange     '2.2.0',
158 silly addNameRange     '2.3.0',
158 silly addNameRange     '2.3.1',
158 silly addNameRange     '2.4.0',
158 silly addNameRange     '2.5.0',
158 silly addNameRange     '2.5.1',
158 silly addNameRange     '2.6.0',
158 silly addNameRange     '2.6.1',
158 silly addNameRange     '2.6.2',
158 silly addNameRange     '2.7.0',
158 silly addNameRange     '2.8.0',
158 silly addNameRange     '2.8.1',
158 silly addNameRange     '2.8.2',
158 silly addNameRange     '2.8.3',
158 silly addNameRange     '2.8.4',
158 silly addNameRange     '2.8.5',
158 silly addNameRange     '2.9.0',
158 silly addNameRange     '2.10.0',
158 silly addNameRange     '2.11.0',
158 silly addNameRange     '2.11.1',
158 silly addNameRange     '3.0.2',
158 silly addNameRange     '3.0.3',
158 silly addNameRange     '3.1.0',
158 silly addNameRange     '3.2.0',
158 silly addNameRange     '3.3.0',
158 silly addNameRange     '3.4.0',
158 silly addNameRange     '3.4.1',
158 silly addNameRange     '3.4.2',
158 silly addNameRange     '3.4.3',
158 silly addNameRange     '3.4.4',
158 silly addNameRange     '3.4.5',
158 silly addNameRange     '3.5.0',
158 silly addNameRange     '3.6.0',
158 silly addNameRange     '4.0.0-beta2',
158 silly addNameRange     '3.6.1',
158 silly addNameRange     '3.6.2',
158 silly addNameRange     '3.6.3',
158 silly addNameRange     '4.0.0',
158 silly addNameRange     '4.1.0',
158 silly addNameRange     '4.1.1',
158 silly addNameRange     '4.2.0',
158 silly addNameRange     '4.3.0' ] ]
159 verbose addNamed [ 'pg', '3.6.3' ]
160 verbose addNamed [ '3.6.3', '3.6.3' ]
161 silly lockFile 9fec41a6-pg-3-6-3 pg@3.6.3
162 verbose lock pg@3.6.3 /home/ding/.npm/9fec41a6-pg-3-6-3.lock
163 verbose addRemoteTarball [ 'https://registry.npmjs.org/express/-/express-4.12.3.tgz',
163 verbose addRemoteTarball   '6b9d94aec5ae03270d86d390c277a8c5a5ad0ee2' ]
164 info retry fetch attempt 1 at 23:05:22
165 verbose fetch to= /home/ding/tmp/npm-14957-MyXOMVJa/1430773522817-0.6213845910970122/tmp.tgz
166 silly lockFile 55355543-gistry-npmjs-org-pg-pg-3-6-3-tgz https://registry.npmjs.org/pg/-/pg-3.6.3.tgz
167 verbose lock https://registry.npmjs.org/pg/-/pg-3.6.3.tgz /home/ding/.npm/55355543-gistry-npmjs-org-pg-pg-3-6-3-tgz.lock
168 http GET https://registry.npmjs.org/express/-/express-4.12.3.tgz
169 verbose addRemoteTarball [ 'https://registry.npmjs.org/pg/-/pg-3.6.3.tgz',
169 verbose addRemoteTarball   '8a079c8647953738eb8e48c0366142051563ef4a' ]
170 info retry fetch attempt 1 at 23:05:22
171 verbose fetch to= /home/ding/tmp/npm-14957-MyXOMVJa/1430773522828-0.570616674143821/tmp.tgz
172 http GET https://registry.npmjs.org/pg/-/pg-3.6.3.tgz
173 verbose tar unpack /home/ding/tmp/npm-14957-MyXOMVJa/1430773521700-0.5415815201122314/tmp.tgz
174 silly lockFile 7fd0f2ae-21700-0-5415815201122314-package tar:///home/ding/tmp/npm-14957-MyXOMVJa/1430773521700-0.5415815201122314/package
175 verbose lock tar:///home/ding/tmp/npm-14957-MyXOMVJa/1430773521700-0.5415815201122314/package /home/ding/.npm/7fd0f2ae-21700-0-5415815201122314-package.lock
176 silly lockFile dbb0dbbf-21700-0-5415815201122314-tmp-tgz tar:///home/ding/tmp/npm-14957-MyXOMVJa/1430773521700-0.5415815201122314/tmp.tgz
177 verbose lock tar:///home/ding/tmp/npm-14957-MyXOMVJa/1430773521700-0.5415815201122314/tmp.tgz /home/ding/.npm/dbb0dbbf-21700-0-5415815201122314-tmp-tgz.lock
178 silly gunzTarPerm modes [ '755', '644' ]
179 error not a package /home/ding/tmp/npm-14957-MyXOMVJa/1430773521700-0.5415815201122314/tmp.tgz
180 silly lockFile 7fd0f2ae-21700-0-5415815201122314-package tar:///home/ding/tmp/npm-14957-MyXOMVJa/1430773521700-0.5415815201122314/package
181 silly lockFile 7fd0f2ae-21700-0-5415815201122314-package tar:///home/ding/tmp/npm-14957-MyXOMVJa/1430773521700-0.5415815201122314/package
182 silly lockFile dbb0dbbf-21700-0-5415815201122314-tmp-tgz tar:///home/ding/tmp/npm-14957-MyXOMVJa/1430773521700-0.5415815201122314/tmp.tgz
183 silly lockFile dbb0dbbf-21700-0-5415815201122314-tmp-tgz tar:///home/ding/tmp/npm-14957-MyXOMVJa/1430773521700-0.5415815201122314/tmp.tgz
184 silly lockFile 1ca755e5-thub-com-surli-sequelize-restful https://github.com/surli/sequelize-restful
185 silly lockFile 1ca755e5-thub-com-surli-sequelize-restful https://github.com/surli/sequelize-restful
186 error Error: ENOENT, open '/home/ding/tmp/npm-14957-MyXOMVJa/1430773521700-0.5415815201122314/package/package.json'
187 error If you need help, you may report this log at:
187 error     <http://github.com/isaacs/npm/issues>
187 error or email it to:
187 error     <npm-@googlegroups.com>
188 error System Linux 3.13.0-46-generic
189 error command "/usr/bin/nodejs" "/usr/bin/npm" "install"
190 error cwd /home/ding/Documents/POOIHM/database2/poo-ihm-2015-database
191 error node -v v0.10.25
192 error npm -v 1.3.10
193 error path /home/ding/tmp/npm-14957-MyXOMVJa/1430773521700-0.5415815201122314/package/package.json
194 error code ENOENT
195 error errno 34
196 verbose exit [ 34, true ]
